<?xml version="1.0" encoding="UTF-8"?>
<testsuite xmlns:xsi="http://www.w3.org/2001/XMLSchema-instance" xsi:noNamespaceSchemaLocation="https://maven.apache.org/surefire/maven-surefire-plugin/xsd/surefire-test-report.xsd" name="com.utworkshop.PowerMockitoUnitTest" time="0.564" tests="1" errors="0" skipped="0" failures="0">
  <properties>
    <property name="sun.desktop" value="windows"/>
    <property name="awt.toolkit" value="sun.awt.windows.WToolkit"/>
    <property name="file.encoding.pkg" value="sun.io"/>
    <property name="java.specification.version" value="1.8"/>
    <property name="sun.cpu.isalist" value="amd64"/>
    <property name="sun.jnu.encoding" value="Cp1252"/>
    <property name="java.class.path" value="D:\TEMP\workshop\UTWorkshopJava\target\test-classes;D:\TEMP\workshop\UTWorkshopJava\target\classes;C:\Users\apoongavanam\.m2\repository\org\junit\platform\junit-platform-console-standalone\1.6.2\junit-platform-console-standalone-1.6.2.jar;C:\Users\apoongavanam\.m2\repository\org\junit\vintage\junit-vintage-engine\5.6.2\junit-vintage-engine-5.6.2.jar;C:\Users\apoongavanam\.m2\repository\org\apiguardian\apiguardian-api\1.1.0\apiguardian-api-1.1.0.jar;C:\Users\apoongavanam\.m2\repository\org\junit\platform\junit-platform-engine\1.6.2\junit-platform-engine-1.6.2.jar;C:\Users\apoongavanam\.m2\repository\org\opentest4j\opentest4j\1.2.0\opentest4j-1.2.0.jar;C:\Users\apoongavanam\.m2\repository\org\junit\platform\junit-platform-commons\1.6.2\junit-platform-commons-1.6.2.jar;C:\Users\apoongavanam\.m2\repository\junit\junit\4.13\junit-4.13.jar;C:\Users\apoongavanam\.m2\repository\org\junit\jupiter\junit-jupiter-engine\5.6.2\junit-jupiter-engine-5.6.2.jar;C:\Users\apoongavanam\.m2\repository\org\junit\jupiter\junit-jupiter-api\5.6.2\junit-jupiter-api-5.6.2.jar;C:\Users\apoongavanam\.m2\repository\org\powermock\powermock-module-junit4\1.6.4\powermock-module-junit4-1.6.4.jar;C:\Users\apoongavanam\.m2\repository\org\powermock\powermock-module-junit4-common\1.6.4\powermock-module-junit4-common-1.6.4.jar;C:\Users\apoongavanam\.m2\repository\org\powermock\powermock-core\1.6.4\powermock-core-1.6.4.jar;C:\Users\apoongavanam\.m2\repository\org\javassist\javassist\3.20.0-GA\javassist-3.20.0-GA.jar;C:\Users\apoongavanam\.m2\repository\org\powermock\powermock-reflect\1.6.4\powermock-reflect-1.6.4.jar;C:\Users\apoongavanam\.m2\repository\org\powermock\powermock-api-mockito\1.6.4\powermock-api-mockito-1.6.4.jar;C:\Users\apoongavanam\.m2\repository\org\mockito\mockito-core\1.10.19\mockito-core-1.10.19.jar;C:\Users\apoongavanam\.m2\repository\org\objenesis\objenesis\2.1\objenesis-2.1.jar;C:\Users\apoongavanam\.m2\repository\org\hamcrest\hamcrest-core\1.3\hamcrest-core-1.3.jar;C:\Users\apoongavanam\.m2\repository\org\powermock\powermock-api-support\1.6.4\powermock-api-support-1.6.4.jar;"/>
    <property name="java.vm.vendor" value="Oracle Corporation"/>
    <property name="sun.arch.data.model" value="64"/>
    <property name="user.variant" value=""/>
    <property name="java.vendor.url" value="http://java.oracle.com/"/>
    <property name="user.timezone" value="Asia/Calcutta"/>
    <property name="java.vm.specification.version" value="1.8"/>
    <property name="os.name" value="Windows 10"/>
    <property name="user.country" value="US"/>
    <property name="sun.java.launcher" value="SUN_STANDARD"/>
    <property name="sun.boot.library.path" value="C:\Program Files\Java\jdk1.8.0_211\jre\bin"/>
    <property name="sun.java.command" value="C:\Users\APOONG~1\AppData\Local\Temp\surefire8754966155872642374\surefirebooter3711216671350003023.jar C:\Users\apoongavanam\AppData\Local\Temp\surefire8754966155872642374 2020-07-15T15-44-57_088-jvmRun1 surefire5417336368393441465tmp surefire_0839063714990518779tmp"/>
    <property name="surefire.test.class.path" value="D:\TEMP\workshop\UTWorkshopJava\target\test-classes;D:\TEMP\workshop\UTWorkshopJava\target\classes;C:\Users\apoongavanam\.m2\repository\org\junit\platform\junit-platform-console-standalone\1.6.2\junit-platform-console-standalone-1.6.2.jar;C:\Users\apoongavanam\.m2\repository\org\junit\vintage\junit-vintage-engine\5.6.2\junit-vintage-engine-5.6.2.jar;C:\Users\apoongavanam\.m2\repository\org\apiguardian\apiguardian-api\1.1.0\apiguardian-api-1.1.0.jar;C:\Users\apoongavanam\.m2\repository\org\junit\platform\junit-platform-engine\1.6.2\junit-platform-engine-1.6.2.jar;C:\Users\apoongavanam\.m2\repository\org\opentest4j\opentest4j\1.2.0\opentest4j-1.2.0.jar;C:\Users\apoongavanam\.m2\repository\org\junit\platform\junit-platform-commons\1.6.2\junit-platform-commons-1.6.2.jar;C:\Users\apoongavanam\.m2\repository\junit\junit\4.13\junit-4.13.jar;C:\Users\apoongavanam\.m2\repository\org\junit\jupiter\junit-jupiter-engine\5.6.2\junit-jupiter-engine-5.6.2.jar;C:\Users\apoongavanam\.m2\repository\org\junit\jupiter\junit-jupiter-api\5.6.2\junit-jupiter-api-5.6.2.jar;C:\Users\apoongavanam\.m2\repository\org\powermock\powermock-module-junit4\1.6.4\powermock-module-junit4-1.6.4.jar;C:\Users\apoongavanam\.m2\repository\org\powermock\powermock-module-junit4-common\1.6.4\powermock-module-junit4-common-1.6.4.jar;C:\Users\apoongavanam\.m2\repository\org\powermock\powermock-core\1.6.4\powermock-core-1.6.4.jar;C:\Users\apoongavanam\.m2\repository\org\javassist\javassist\3.20.0-GA\javassist-3.20.0-GA.jar;C:\Users\apoongavanam\.m2\repository\org\powermock\powermock-reflect\1.6.4\powermock-reflect-1.6.4.jar;C:\Users\apoongavanam\.m2\repository\org\powermock\powermock-api-mockito\1.6.4\powermock-api-mockito-1.6.4.jar;C:\Users\apoongavanam\.m2\repository\org\mockito\mockito-core\1.10.19\mockito-core-1.10.19.jar;C:\Users\apoongavanam\.m2\repository\org\objenesis\objenesis\2.1\objenesis-2.1.jar;C:\Users\apoongavanam\.m2\repository\org\hamcrest\hamcrest-core\1.3\hamcrest-core-1.3.jar;C:\Users\apoongavanam\.m2\repository\org\powermock\powermock-api-support\1.6.4\powermock-api-support-1.6.4.jar;"/>
    <property name="sun.cpu.endian" value="little"/>
    <property name="user.home" value="C:\Users\apoongavanam"/>
    <property name="user.language" value="en"/>
    <property name="java.specification.vendor" value="Oracle Corporation"/>
    <property name="java.home" value="C:\Program Files\Java\jdk1.8.0_211\jre"/>
    <property name="basedir" value="D:\TEMP\workshop\UTWorkshopJava"/>
    <property name="file.separator" value="\"/>
    <property name="line.separator" value="&#10;"/>
    <property name="java.vm.specification.vendor" value="Oracle Corporation"/>
    <property name="java.specification.name" value="Java Platform API Specification"/>
    <property name="java.awt.graphicsenv" value="sun.awt.Win32GraphicsEnvironment"/>
    <property name="surefire.real.class.path" value="C:\Users\APOONG~1\AppData\Local\Temp\surefire8754966155872642374\surefirebooter3711216671350003023.jar;C:\\Users\\apoongavanam\\.m2\\repository\\org\\jacoco\\org.jacoco.agent\\0.8.5\\org.jacoco.agent-0.8.5-runtime.jar"/>
    <property name="sun.boot.class.path" value="C:\Program Files\Java\jdk1.8.0_211\jre\lib\resources.jar;C:\Program Files\Java\jdk1.8.0_211\jre\lib\rt.jar;C:\Program Files\Java\jdk1.8.0_211\jre\lib\sunrsasign.jar;C:\Program Files\Java\jdk1.8.0_211\jre\lib\jsse.jar;C:\Program Files\Java\jdk1.8.0_211\jre\lib\jce.jar;C:\Program Files\Java\jdk1.8.0_211\jre\lib\charsets.jar;C:\Program Files\Java\jdk1.8.0_211\jre\lib\jfr.jar;C:\Program Files\Java\jdk1.8.0_211\jre\classes"/>
    <property name="user.script" value=""/>
    <property name="sun.management.compiler" value="HotSpot 64-Bit Tiered Compilers"/>
    <property name="java.runtime.version" value="1.8.0_211-b12"/>
    <property name="user.name" value="apoongavanam"/>
    <property name="path.separator" value=";"/>
    <property name="os.version" value="10.0"/>
    <property name="java.endorsed.dirs" value="C:\Program Files\Java\jdk1.8.0_211\jre\lib\endorsed"/>
    <property name="java.runtime.name" value="Java(TM) SE Runtime Environment"/>
    <property name="file.encoding" value="Cp1252"/>
    <property name="java.vm.name" value="Java HotSpot(TM) 64-Bit Server VM"/>
    <property name="localRepository" value="C:\Users\apoongavanam\.m2\repository"/>
    <property name="java.vendor.url.bug" value="http://bugreport.sun.com/bugreport/"/>
    <property name="java.io.tmpdir" value="C:\Users\APOONG~1\AppData\Local\Temp\"/>
    <property name="java.version" value="1.8.0_211"/>
    <property name="user.dir" value="D:\TEMP\workshop\UTWorkshopJava"/>
    <property name="os.arch" value="amd64"/>
    <property name="java.vm.specification.name" value="Java Virtual Machine Specification"/>
    <property name="java.awt.printerjob" value="sun.awt.windows.WPrinterJob"/>
    <property name="sun.os.patch.level" value=""/>
    <property name="java.library.path" value="C:\Program Files\Java\jdk1.8.0_211\jre\bin;C:\WINDOWS\Sun\Java\bin;C:\WINDOWS\system32;C:\WINDOWS;C:\Program Files (x86)\Common Files\Oracle\Java\javapath;C:\Program Files\Microsoft MPI\Bin\;C:\WINDOWS\system32;C:\WINDOWS;C:\WINDOWS\System32\Wbem;C:\WINDOWS\System32\WindowsPowerShell\v1.0\;C:\WINDOWS\System32\OpenSSH\;C:\Program Files (x86)\Webex\Webex\Applications;C:\Program Files (x86)\Intel\Intel(R) Management Engine Components\DAL;C:\Program Files\Intel\Intel(R) Management Engine Components\DAL;C:\Program Files (x86)\Sennheiser\SoftphoneSDK\;C:\Program Files\Java\jdk1.8.0_211\bin;C:\Program Files\dotnet\;C:\Program Files\Microsoft SQL Server\130\Tools\Binn\;C:\Program Files\Microsoft SQL Server\Client SDK\ODBC\170\Tools\Binn\;C:\Program Files (x86)\Microsoft SQL Server\150\DTS\Binn\;C:\Program Files (x86)\Microsoft SQL Server\140\Tools\Binn\;C:\Program Files\Microsoft SQL Server\140\Tools\Binn\;C:\Program Files (x86)\Microsoft SQL Server\140\DTS\Binn\;C:\Program Files\Microsoft SQL Server\140\DTS\Binn\;C:\Program Files\Microsoft SQL Server\Client SDK\ODBC\130\Tools\Binn\;C:\Program Files\Git\cmd;D:\Softwares\Dev Softwares\apache-maven-3.6.1\bin;C:\Program Files\GrammaTech\CodeSonar\codesonar\bin;C:\MinGW\bin;C:\Program Files\nodejs\;C:\cygwin64\bin;C:\Program Files\CMake\bin;C:\Program Files\PuTTY\;C:\Program Files\TortoiseSVN\bin;C:\Program Files\Intel\WiFi\bin\;C:\Program Files\Common Files\Intel\WirelessCommon\;C:\Program Files (x86)\Python;C:\Program Files (x86)\Python\Scripts;C:\cygwin64\bin;D:\PROJECT\HarmanProjects\GETProject\UnitTesting\Protobuf\exe\protoc-3.12.3-win64\bin;C:\Gradle\gradle-6.5.1\bin;C:\Program Files\MySQL\MySQL Shell 8.0\bin\;C:\Users\apoongavanam\AppData\Roaming\npm;C:\Users\apoongavanam\.dotnet\tools;C:\Users\apoongavanam\AppData\Local\Programs\Microsoft VS Code\bin;C:\Users\apoongavanam\AppData\Local\Microsoft\WindowsApps;;C:\Program Files (x86)\OpenCppCoverage;."/>
    <property name="java.vm.info" value="mixed mode"/>
    <property name="java.vendor" value="Oracle Corporation"/>
    <property name="java.vm.version" value="25.211-b12"/>
    <property name="java.ext.dirs" value="C:\Program Files\Java\jdk1.8.0_211\jre\lib\ext;C:\WINDOWS\Sun\Java\lib\ext"/>
    <property name="sun.io.unicode.encoding" value="UnicodeLittle"/>
    <property name="java.class.version" value="52.0"/>
  </properties>
  <testcase name="givenFinalMethods_whenUsingPowerMockito_thenCorrect" classname="com.utworkshop.PowerMockitoUnitTest" time="0.554"/>
</testsuite>